2025-05-23 22:57:42,306 - main - INFO - Starting trade simulator
2025-05-23 22:57:44,152 - main - INFO - Connection status changed: VPN Connected
2025-05-23 22:57:44,161 - main - INFO - Connection status changed: VPN Connected
2025-05-23 22:57:44,267 - main - INFO - Connection status changed: Connecting...
2025-05-23 22:57:45,423 - main - INFO - Connection status changed: Connected
2025-05-23 22:58:14,451 - main - INFO - Connection status changed: VPN Connected
2025-05-23 22:58:25,729 - main - INFO - Connection status changed: Connection Closed
2025-05-23 22:58:25,814 - main - INFO - Connection status changed: Reconnecting...
2025-05-23 22:58:30,925 - main - INFO - Connection status changed: Connecting...
2025-05-23 22:58:31,924 - main - INFO - Connection status changed: Connected
2025-05-23 22:58:44,646 - main - INFO - Connection status changed: VPN Connected
2025-05-23 22:59:12,222 - main - INFO - Connection status changed: Connection Closed
2025-05-23 22:59:12,322 - main - INFO - Connection status changed: Reconnecting...
2025-05-23 22:59:14,886 - main - INFO - Connection status changed: VPN Connected
2025-05-23 22:59:17,404 - main - INFO - Connection status changed: Connecting...
2025-05-23 22:59:18,317 - main - INFO - Connection status changed: Connected
2025-05-23 22:59:45,073 - main - INFO - Connection status changed: VPN Connected
2025-05-23 22:59:58,579 - main - INFO - Connection status changed: Connection Closed
2025-05-23 22:59:58,664 - main - INFO - Connection status changed: Reconnecting...
2025-05-23 23:00:03,821 - main - INFO - Connection status changed: Connecting...
2025-05-23 23:00:04,831 - main - INFO - Connection status changed: Connected
2025-05-23 23:00:15,284 - main - INFO - Connection status changed: VPN Connected
2025-05-23 23:00:45,130 - main - INFO - Connection status changed: Connection Closed
2025-05-23 23:00:45,261 - main - INFO - Connection status changed: Reconnecting...
2025-05-23 23:00:45,521 - main - INFO - Connection status changed: VPN Connected
2025-05-23 23:00:50,384 - main - INFO - Connection status changed: Connecting...
2025-05-23 23:00:51,297 - main - INFO - Connection status changed: Connected
2025-05-23 23:01:15,761 - main - INFO - Connection status changed: VPN Connected
2025-05-23 23:01:31,582 - main - INFO - Connection status changed: Connection Closed
2025-05-23 23:01:31,666 - main - INFO - Connection status changed: Reconnecting...
2025-05-23 23:01:36,805 - main - INFO - Connection status changed: Connecting...
2025-05-23 23:01:37,664 - main - INFO - Connection status changed: Connected
2025-05-23 23:01:46,004 - main - INFO - Connection status changed: VPN Connected
2025-05-23 23:02:16,256 - main - INFO - Connection status changed: VPN Connected
2025-05-23 23:02:17,949 - main - INFO - Connection status changed: Connection Closed
2025-05-23 23:02:18,042 - main - INFO - Connection status changed: Reconnecting...
2025-05-23 23:02:23,131 - main - INFO - Connection status changed: Connecting...
2025-05-23 23:02:24,083 - main - INFO - Connection status changed: Connected
2025-05-23 23:02:46,485 - main - INFO - Connection status changed: VPN Connected
2025-05-23 23:03:04,367 - main - INFO - Connection status changed: Connection Closed
2025-05-23 23:03:04,487 - main - INFO - Connection status changed: Reconnecting...
2025-05-23 23:03:09,578 - main - INFO - Connection status changed: Connecting...
2025-05-23 23:03:10,410 - main - INFO - Connection status changed: Connected
2025-05-23 23:03:16,882 - main - INFO - Connection status changed: VPN Connected
2025-05-23 23:03:47,124 - main - INFO - Connection status changed: VPN Connected
2025-05-23 23:03:50,690 - main - INFO - Connection status changed: Connection Closed
2025-05-23 23:03:50,786 - main - INFO - Connection status changed: Reconnecting...
2025-05-23 23:03:55,919 - main - INFO - Connection status changed: Connecting...
2025-05-23 23:03:56,869 - main - INFO - Connection status changed: Connected
2025-05-23 23:04:17,413 - main - INFO - Connection status changed: VPN Connected
2025-05-23 23:04:37,150 - main - INFO - Connection status changed: Connection Closed
2025-05-23 23:04:38,953 - main - INFO - Connection status changed: Reconnecting...
2025-05-23 23:04:44,218 - main - INFO - Connection status changed: Connecting...
2025-05-23 23:04:45,421 - main - INFO - Connection status changed: Connected
2025-05-23 23:04:47,970 - main - INFO - Connection status changed: VPN Connected
2025-05-23 23:05:18,237 - main - INFO - Connection status changed: VPN Connected
2025-05-23 23:05:25,748 - main - INFO - Connection status changed: Connection Closed
2025-05-23 23:05:25,852 - main - INFO - Connection status changed: Reconnecting...
2025-05-23 23:05:30,958 - main - INFO - Connection status changed: Connecting...
2025-05-23 23:05:32,010 - main - INFO - Connection status changed: Connected
2025-05-23 23:05:48,508 - main - INFO - Connection status changed: VPN Connected
2025-05-23 23:06:12,371 - main - INFO - Connection status changed: Connection Closed
2025-05-23 23:06:12,481 - main - INFO - Connection status changed: Reconnecting...
2025-05-23 23:06:17,585 - main - INFO - Connection status changed: Connecting...
2025-05-23 23:06:18,519 - main - INFO - Connection status changed: Connected
2025-05-23 23:06:18,797 - main - INFO - Connection status changed: VPN Connected
2025-05-23 23:06:48,996 - main - INFO - Connection status changed: VPN Connected
2025-05-23 23:06:58,809 - main - INFO - Connection status changed: Connection Closed
2025-05-23 23:06:58,923 - main - INFO - Connection status changed: Reconnecting...
2025-05-23 23:07:04,022 - main - INFO - Connection status changed: Connecting...
2025-05-23 23:07:04,935 - main - INFO - Connection status changed: Connected
2025-05-23 23:07:19,405 - main - INFO - Connection status changed: VPN Connected
2025-05-23 23:07:45,219 - main - INFO - Connection status changed: Connection Closed
2025-05-23 23:07:45,320 - main - INFO - Connection status changed: Reconnecting...
2025-05-23 23:07:49,663 - main - INFO - Connection status changed: VPN Connected
2025-05-23 23:07:50,436 - main - INFO - Connection status changed: Connecting...
2025-05-23 23:07:51,478 - main - INFO - Connection status changed: Connected
2025-05-23 23:08:19,849 - main - INFO - Connection status changed: VPN Connected
2025-05-23 23:08:31,953 - main - INFO - Connection status changed: Connection Closed
2025-05-23 23:08:32,057 - main - INFO - Connection status changed: Reconnecting...
2025-05-23 23:08:37,148 - main - INFO - Connection status changed: Connecting...
2025-05-23 23:08:38,025 - main - INFO - Connection status changed: Connected
2025-05-23 23:08:50,077 - main - INFO - Connection status changed: VPN Connected
2025-05-23 23:09:18,288 - main - INFO - Connection status changed: Connection Closed
2025-05-23 23:09:18,384 - main - INFO - Connection status changed: Reconnecting...
2025-05-23 23:09:20,331 - main - INFO - Connection status changed: VPN Connected
2025-05-23 23:09:23,489 - main - INFO - Connection status changed: Connecting...
2025-05-23 23:09:24,469 - main - INFO - Connection status changed: Connected
2025-05-23 23:09:50,578 - main - INFO - Connection status changed: VPN Connected
2025-05-23 23:10:04,754 - main - INFO - Connection status changed: Connection Closed
2025-05-23 23:10:04,845 - main - INFO - Connection status changed: Reconnecting...
2025-05-23 23:10:09,950 - main - INFO - Connection status changed: Connecting...
2025-05-23 23:10:10,773 - main - INFO - Connection status changed: Connected
2025-05-23 23:10:20,822 - main - INFO - Connection status changed: VPN Connected
2025-05-23 23:10:51,021 - main - INFO - Connection status changed: VPN Connected
2025-05-23 23:10:51,048 - main - INFO - Connection status changed: Connection Closed
2025-05-23 23:10:51,142 - main - INFO - Connection status changed: Reconnecting...
2025-05-23 23:10:56,245 - main - INFO - Connection status changed: Connecting...
2025-05-23 23:10:57,255 - main - INFO - Connection status changed: Connected
2025-05-23 23:11:21,249 - main - INFO - Connection status changed: VPN Connected
2025-05-23 23:11:37,556 - main - INFO - Connection status changed: Connection Closed
2025-05-23 23:11:37,648 - main - INFO - Connection status changed: Reconnecting...
2025-05-23 23:11:42,749 - main - INFO - Connection status changed: Connecting...
2025-05-23 23:11:43,630 - main - INFO - Connection status changed: Connected
2025-05-23 23:11:51,457 - main - INFO - Connection status changed: VPN Connected
2025-05-23 23:12:21,690 - main - INFO - Connection status changed: VPN Connected
2025-05-23 23:12:23,925 - main - INFO - Connection status changed: Connection Closed
2025-05-23 23:12:24,024 - main - INFO - Connection status changed: Reconnecting...
2025-05-23 23:12:29,128 - main - INFO - Connection status changed: Connecting...
2025-05-23 23:12:30,116 - main - INFO - Connection status changed: Connected
2025-05-23 23:12:51,896 - main - INFO - Connection status changed: VPN Connected
2025-05-23 23:13:10,405 - main - INFO - Connection status changed: Connection Closed
2025-05-23 23:13:10,572 - main - INFO - Connection status changed: Reconnecting...
2025-05-23 23:13:15,655 - main - INFO - Connection status changed: Connecting...
2025-05-23 23:13:16,611 - main - INFO - Connection status changed: Connected
2025-05-23 23:13:22,109 - main - INFO - Connection status changed: VPN Connected
2025-05-23 23:13:52,585 - main - INFO - Connection status changed: VPN Connected
2025-05-23 23:13:56,914 - main - INFO - Connection status changed: Connection Closed
2025-05-23 23:13:57,025 - main - INFO - Connection status changed: Reconnecting...
2025-05-23 23:14:02,132 - main - INFO - Connection status changed: Connecting...
2025-05-23 23:14:03,110 - main - INFO - Connection status changed: Connected
2025-05-23 23:14:22,799 - main - INFO - Connection status changed: VPN Connected
2025-05-23 23:14:43,411 - main - INFO - Connection status changed: Connection Closed
2025-05-23 23:14:43,556 - main - INFO - Connection status changed: Reconnecting...
2025-05-23 23:14:48,655 - main - INFO - Connection status changed: Connecting...
2025-05-23 23:14:49,576 - main - INFO - Connection status changed: Connected
2025-05-23 23:14:53,030 - main - INFO - Connection status changed: VPN Connected
2025-05-23 23:15:23,243 - main - INFO - Connection status changed: VPN Connected
2025-05-23 23:15:29,863 - main - INFO - Connection status changed: Connection Closed
2025-05-23 23:15:29,978 - main - INFO - Connection status changed: Reconnecting...
2025-05-23 23:15:35,074 - main - INFO - Connection status changed: Connecting...
2025-05-23 23:15:35,958 - main - INFO - Connection status changed: Connected
2025-05-23 23:15:53,489 - main - INFO - Connection status changed: VPN Connected
2025-05-23 23:16:16,240 - main - INFO - Connection status changed: Connection Closed
2025-05-23 23:16:16,451 - main - INFO - Connection status changed: Reconnecting...
2025-05-23 23:16:21,564 - main - INFO - Connection status changed: Connecting...
2025-05-23 23:16:22,419 - main - INFO - Connection status changed: Connected
2025-05-23 23:16:23,716 - main - INFO - Connection status changed: VPN Connected
2025-05-23 23:16:54,076 - main - INFO - Connection status changed: VPN Connected
2025-05-23 23:17:02,690 - main - INFO - Connection status changed: Connection Closed
2025-05-23 23:17:02,804 - main - INFO - Connection status changed: Reconnecting...
2025-05-23 23:17:07,911 - main - INFO - Connection status changed: Connecting...
2025-05-23 23:17:08,841 - main - INFO - Connection status changed: Connected
2025-05-23 23:17:24,318 - main - INFO - Connection status changed: VPN Connected
2025-05-23 23:17:49,182 - main - INFO - Connection status changed: Connection Closed
2025-05-23 23:17:49,445 - main - INFO - Connection status changed: Reconnecting...
2025-05-23 23:17:54,670 - main - INFO - Connection status changed: VPN Connected
2025-05-23 23:17:54,708 - main - INFO - Connection status changed: Connecting...
2025-05-23 23:17:55,535 - main - INFO - Connection status changed: Connected
2025-05-23 23:18:24,923 - main - INFO - Connection status changed: VPN Connected
2025-05-23 23:18:35,816 - main - INFO - Connection status changed: Connection Closed
2025-05-23 23:18:35,902 - main - INFO - Connection status changed: Reconnecting...
2025-05-23 23:18:41,001 - main - INFO - Connection status changed: Connecting...
2025-05-23 23:18:42,033 - main - INFO - Connection status changed: Connected
2025-05-23 23:18:55,177 - main - INFO - Connection status changed: VPN Connected
2025-05-23 23:19:22,306 - main - INFO - Connection status changed: Connection Closed
2025-05-23 23:19:22,417 - main - INFO - Connection status changed: Reconnecting...
2025-05-23 23:19:25,411 - main - INFO - Connection status changed: VPN Connected
2025-05-23 23:19:27,588 - main - INFO - Connection status changed: Connecting...
2025-05-23 23:19:28,573 - main - INFO - Connection status changed: Connected
2025-05-23 23:19:55,610 - main - INFO - Connection status changed: VPN Connected
2025-05-23 23:20:08,898 - main - INFO - Connection status changed: Connection Closed
2025-05-23 23:20:09,022 - main - INFO - Connection status changed: Reconnecting...
2025-05-23 23:20:14,138 - main - INFO - Connection status changed: Connecting...
2025-05-23 23:20:15,033 - main - INFO - Connection status changed: Connected
2025-05-23 23:20:25,838 - main - INFO - Connection status changed: VPN Connected
2025-05-23 23:20:55,314 - main - INFO - Connection status changed: Connection Closed
2025-05-23 23:20:55,411 - main - INFO - Connection status changed: Reconnecting...
2025-05-23 23:20:56,066 - main - INFO - Connection status changed: VPN Connected
2025-05-23 23:21:00,508 - main - INFO - Connection status changed: Connecting...
2025-05-23 23:21:01,424 - main - INFO - Connection status changed: Connected
2025-05-23 23:21:26,358 - main - INFO - Connection status changed: VPN Connected
2025-05-23 23:21:41,743 - main - INFO - Connection status changed: Connection Closed
2025-05-23 23:21:41,851 - main - INFO - Connection status changed: Reconnecting...
2025-05-23 23:21:46,986 - main - INFO - Connection status changed: Connecting...
2025-05-23 23:21:47,945 - main - INFO - Connection status changed: Connected
2025-05-23 23:21:56,606 - main - INFO - Connection status changed: VPN Connected
2025-05-23 23:22:27,008 - main - INFO - Connection status changed: VPN Connected
2025-05-23 23:22:28,291 - main - INFO - Connection status changed: Connection Closed
2025-05-23 23:22:28,402 - main - INFO - Connection status changed: Reconnecting...
2025-05-23 23:22:33,510 - main - INFO - Connection status changed: Connecting...
2025-05-23 23:22:34,356 - main - INFO - Connection status changed: Connected
2025-05-23 23:22:57,241 - main - INFO - Connection status changed: VPN Connected
2025-05-23 23:23:14,633 - main - INFO - Connection status changed: Connection Closed
2025-05-23 23:23:14,742 - main - INFO - Connection status changed: Reconnecting...
2025-05-23 23:23:19,825 - main - INFO - Connection status changed: Connecting...
2025-05-23 23:23:20,868 - main - INFO - Connection status changed: Connected
2025-05-23 23:23:27,444 - main - INFO - Connection status changed: VPN Connected
2025-05-23 23:23:57,663 - main - INFO - Connection status changed: VPN Connected
2025-05-23 23:24:01,172 - main - INFO - Connection status changed: Connection Closed
2025-05-23 23:24:01,256 - main - INFO - Connection status changed: Reconnecting...
2025-05-23 23:24:06,346 - main - INFO - Connection status changed: Connecting...
2025-05-23 23:24:07,165 - main - INFO - Connection status changed: Connected
2025-05-23 23:24:27,891 - main - INFO - Connection status changed: VPN Connected
2025-05-23 23:24:47,441 - main - INFO - Connection status changed: Connection Closed
2025-05-23 23:24:47,523 - main - INFO - Connection status changed: Reconnecting...
2025-05-23 23:24:52,620 - main - INFO - Connection status changed: Connecting...
2025-05-23 23:24:53,520 - main - INFO - Connection status changed: Connected
2025-05-23 23:24:58,140 - main - INFO - Connection status changed: VPN Connected
2025-05-23 23:25:28,343 - main - INFO - Connection status changed: VPN Connected
2025-05-23 23:25:33,878 - main - INFO - Connection status changed: Connection Closed
2025-05-23 23:25:34,035 - main - INFO - Connection status changed: Reconnecting...
2025-05-23 23:25:39,116 - main - INFO - Connection status changed: Connecting...
2025-05-23 23:25:40,006 - main - INFO - Connection status changed: Connected
2025-05-23 23:25:58,549 - main - INFO - Connection status changed: VPN Connected
2025-05-23 23:26:20,274 - main - INFO - Connection status changed: Connection Closed
2025-05-23 23:26:20,378 - main - INFO - Connection status changed: Reconnecting...
2025-05-23 23:26:25,449 - main - INFO - Connection status changed: Connecting...
2025-05-23 23:26:26,357 - main - INFO - Connection status changed: Connected
2025-05-23 23:26:28,783 - main - INFO - Connection status changed: VPN Connected
2025-05-23 23:26:59,258 - main - INFO - Connection status changed: VPN Connected
2025-05-23 23:27:06,618 - main - INFO - Connection status changed: Connection Closed
2025-05-23 23:27:06,705 - main - INFO - Connection status changed: Reconnecting...
2025-05-23 23:27:11,806 - main - INFO - Connection status changed: Connecting...
2025-05-23 23:27:12,689 - main - INFO - Connection status changed: Connected
2025-05-23 23:27:29,500 - main - INFO - Connection status changed: VPN Connected
2025-05-23 23:27:52,986 - main - INFO - Connection status changed: Connection Closed
2025-05-23 23:27:53,109 - main - INFO - Connection status changed: Reconnecting...
2025-05-23 23:27:58,207 - main - INFO - Connection status changed: Connecting...
2025-05-23 23:27:59,104 - main - INFO - Connection status changed: Connected
2025-05-23 23:27:59,716 - main - INFO - Connection status changed: VPN Connected
2025-05-23 23:28:29,957 - main - INFO - Connection status changed: VPN Connected
2025-05-23 23:28:39,371 - main - INFO - Connection status changed: Connection Closed
2025-05-23 23:28:39,454 - main - INFO - Connection status changed: Reconnecting...
2025-05-23 23:28:44,575 - main - INFO - Connection status changed: Connecting...
2025-05-23 23:28:45,436 - main - INFO - Connection status changed: Connected
2025-05-23 23:29:00,191 - main - INFO - Connection status changed: VPN Connected
2025-05-23 23:29:25,705 - main - INFO - Connection status changed: Connection Closed
2025-05-23 23:29:25,789 - main - INFO - Connection status changed: Reconnecting...
2025-05-23 23:29:30,402 - main - INFO - Connection status changed: VPN Connected
2025-05-23 23:29:30,885 - main - INFO - Connection status changed: Connecting...
2025-05-23 23:29:31,801 - main - INFO - Connection status changed: Connected
2025-05-23 23:30:00,649 - main - INFO - Connection status changed: VPN Connected
2025-05-23 23:30:12,049 - main - INFO - Connection status changed: Connection Closed
2025-05-23 23:30:12,148 - main - INFO - Connection status changed: Reconnecting...
2025-05-23 23:30:17,248 - main - INFO - Connection status changed: Connecting...
2025-05-23 23:30:18,074 - main - INFO - Connection status changed: Connected
2025-05-23 23:30:30,901 - main - INFO - Connection status changed: VPN Connected
2025-05-23 23:30:58,337 - main - INFO - Connection status changed: Connection Closed
2025-05-23 23:30:58,473 - main - INFO - Connection status changed: Reconnecting...
2025-05-23 23:31:01,201 - main - INFO - Connection status changed: VPN Connected
2025-05-23 23:31:03,614 - main - INFO - Connection status changed: Connecting...
2025-05-23 23:31:04,894 - main - INFO - Connection status changed: Connected
2025-05-23 23:31:31,373 - main - INFO - Connection status changed: VPN Connected
2025-05-23 23:31:45,201 - main - INFO - Connection status changed: Connection Closed
2025-05-23 23:31:45,309 - main - INFO - Connection status changed: Reconnecting...
2025-05-23 23:31:50,402 - main - INFO - Connection status changed: Connecting...
2025-05-23 23:31:51,319 - main - INFO - Connection status changed: Connected
2025-05-23 23:32:01,586 - main - INFO - Connection status changed: VPN Connected
2025-05-23 23:32:31,620 - main - INFO - Connection status changed: Connection Closed
2025-05-23 23:32:31,707 - main - INFO - Connection status changed: Reconnecting...
2025-05-23 23:32:31,782 - main - INFO - Connection status changed: VPN Connected
2025-05-23 23:32:36,811 - main - INFO - Connection status changed: Connecting...
2025-05-23 23:32:37,735 - main - INFO - Connection status changed: Connected
2025-05-23 23:33:01,998 - main - INFO - Connection status changed: VPN Connected
2025-05-23 23:33:18,004 - main - INFO - Connection status changed: Connection Closed
2025-05-23 23:33:18,132 - main - INFO - Connection status changed: Reconnecting...
2025-05-23 23:33:23,304 - main - INFO - Connection status changed: Connecting...
2025-05-23 23:33:24,147 - main - INFO - Connection status changed: Connected
2025-05-23 23:33:32,257 - main - INFO - Connection status changed: VPN Connected
2025-05-23 23:34:02,502 - main - INFO - Connection status changed: VPN Connected
2025-05-23 23:34:04,405 - main - INFO - Connection status changed: Connection Closed
2025-05-23 23:34:04,523 - main - INFO - Connection status changed: Reconnecting...
2025-05-23 23:34:09,623 - main - INFO - Connection status changed: Connecting...
2025-05-23 23:34:10,567 - main - INFO - Connection status changed: Connected
2025-05-23 23:34:32,757 - main - INFO - Connection status changed: VPN Connected
2025-05-23 23:34:50,858 - main - INFO - Connection status changed: Connection Closed
2025-05-23 23:34:50,947 - main - INFO - Connection status changed: Reconnecting...
2025-05-23 23:34:56,050 - main - INFO - Connection status changed: Connecting...
2025-05-23 23:34:56,925 - main - INFO - Connection status changed: Connected
2025-05-23 23:35:02,983 - main - INFO - Connection status changed: VPN Connected
2025-05-23 23:35:33,182 - main - INFO - Connection status changed: VPN Connected
2025-05-23 23:35:37,224 - main - INFO - Connection status changed: Connection Closed
2025-05-23 23:35:37,319 - main - INFO - Connection status changed: Reconnecting...
2025-05-23 23:35:42,424 - main - INFO - Connection status changed: Connecting...
2025-05-23 23:35:43,381 - main - INFO - Connection status changed: Connected
2025-05-23 23:36:03,381 - main - INFO - Connection status changed: VPN Connected
2025-05-23 23:36:23,794 - main - INFO - Connection status changed: Connection Closed
2025-05-23 23:36:23,901 - main - INFO - Connection status changed: Reconnecting...
2025-05-23 23:36:28,989 - main - INFO - Connection status changed: Connecting...
2025-05-23 23:36:29,804 - main - INFO - Connection status changed: Connected
2025-05-23 23:36:33,590 - main - INFO - Connection status changed: VPN Connected
2025-05-23 23:37:03,779 - main - INFO - Connection status changed: VPN Connected
2025-05-23 23:37:10,105 - main - INFO - Connection status changed: Connection Closed
2025-05-23 23:37:10,238 - main - INFO - Connection status changed: Reconnecting...
2025-05-23 23:37:15,366 - main - INFO - Connection status changed: Connecting...
2025-05-23 23:37:16,338 - main - INFO - Connection status changed: Connected
2025-05-23 23:37:34,090 - main - INFO - Connection status changed: VPN Connected
2025-05-23 23:37:56,618 - main - INFO - Connection status changed: Connection Closed
2025-05-23 23:37:56,702 - main - INFO - Connection status changed: Reconnecting...
2025-05-23 23:38:01,814 - main - INFO - Connection status changed: Connecting...
2025-05-23 23:38:02,620 - main - INFO - Connection status changed: Connected
2025-05-23 23:38:04,280 - main - INFO - Connection status changed: VPN Connected
2025-05-23 23:38:16,939 - main - WARNING - No orderbook data available for OKX_ETH-USDT
2025-05-23 23:38:21,236 - main - WARNING - No orderbook data available for OKX_BTC-USDT
2025-05-23 23:38:34,490 - main - INFO - Connection status changed: VPN Connected
2025-05-23 23:38:42,882 - main - INFO - Connection status changed: Connection Closed
2025-05-23 23:38:42,986 - main - INFO - Connection status changed: Reconnecting...
2025-05-23 23:38:48,076 - main - INFO - Connection status changed: Connecting...
2025-05-23 23:38:49,030 - main - INFO - Connection status changed: Connected
2025-05-23 23:38:50,837 - main - WARNING - No orderbook data available for OKX_BTC-USDT
2025-05-23 23:39:04,712 - main - INFO - Connection status changed: VPN Connected
2025-05-23 23:39:29,317 - main - INFO - Connection status changed: Connection Closed
2025-05-23 23:39:29,389 - main - INFO - Connection status changed: Reconnecting...
2025-05-23 23:39:34,483 - main - INFO - Connection status changed: Connecting...
2025-05-23 23:39:34,917 - main - INFO - Connection status changed: VPN Connected
2025-05-23 23:39:35,357 - main - INFO - Connection status changed: Connected
2025-05-23 23:40:05,350 - main - INFO - Connection status changed: VPN Connected
2025-05-23 23:40:15,702 - main - INFO - Connection status changed: Connection Closed
2025-05-23 23:40:15,806 - main - INFO - Connection status changed: Reconnecting...
2025-05-23 23:40:20,921 - main - INFO - Connection status changed: Connecting...
2025-05-23 23:40:21,879 - main - INFO - Connection status changed: Connected
2025-05-23 23:40:36,037 - main - INFO - Connection status changed: VPN Connected
2025-05-23 23:41:02,142 - main - INFO - Connection status changed: Connection Closed
2025-05-23 23:41:02,229 - main - INFO - Connection status changed: Reconnecting...
2025-05-23 23:41:06,264 - main - INFO - Connection status changed: VPN Connected
2025-05-23 23:41:07,350 - main - INFO - Connection status changed: Connecting...
2025-05-23 23:41:08,175 - main - INFO - Connection status changed: Connected
2025-05-23 23:41:36,507 - main - INFO - Connection status changed: VPN Connected
2025-05-23 23:41:48,479 - main - INFO - Connection status changed: Connection Closed
2025-05-23 23:41:48,567 - main - INFO - Connection status changed: Reconnecting...
2025-05-23 23:41:53,705 - main - INFO - Connection status changed: Connecting...
2025-05-23 23:41:54,631 - main - INFO - Connection status changed: Connected
2025-05-23 23:42:07,001 - main - INFO - Connection status changed: VPN Connected
2025-05-23 23:42:34,957 - main - INFO - Connection status changed: Connection Closed
2025-05-23 23:42:35,057 - main - INFO - Connection status changed: Reconnecting...
2025-05-23 23:42:37,290 - main - INFO - Connection status changed: VPN Connected
2025-05-23 23:42:40,139 - main - INFO - Connection status changed: Connecting...
2025-05-23 23:42:41,108 - main - INFO - Connection status changed: Connected
2025-05-23 23:43:07,517 - main - INFO - Connection status changed: VPN Connected
2025-05-23 23:43:21,398 - main - INFO - Connection status changed: Connection Closed
2025-05-23 23:43:21,502 - main - INFO - Connection status changed: Reconnecting...
2025-05-23 23:43:26,654 - main - INFO - Connection status changed: Connecting...
2025-05-23 23:43:27,563 - main - INFO - Connection status changed: Connected
2025-05-23 23:43:37,749 - main - INFO - Connection status changed: VPN Connected
2025-05-23 23:44:07,817 - main - INFO - Connection status changed: Connection Closed
2025-05-23 23:44:07,926 - main - INFO - Connection status changed: Reconnecting...
2025-05-23 23:44:08,000 - main - INFO - Connection status changed: VPN Connected
2025-05-23 23:44:13,038 - main - INFO - Connection status changed: Connecting...
2025-05-23 23:44:14,033 - main - INFO - Connection status changed: Connected
2025-05-23 23:44:38,211 - main - INFO - Connection status changed: VPN Connected
2025-05-23 23:44:54,544 - main - INFO - Connection status changed: Connection Closed
2025-05-23 23:44:54,650 - main - INFO - Connection status changed: Reconnecting...
2025-05-23 23:44:59,801 - main - INFO - Connection status changed: Connecting...
2025-05-23 23:45:00,735 - main - INFO - Connection status changed: Connected
2025-05-23 23:45:08,493 - main - INFO - Connection status changed: VPN Connected
2025-05-23 23:45:38,659 - main - INFO - Connection status changed: VPN Connected
2025-05-23 23:45:41,016 - main - INFO - Connection status changed: Connection Closed
2025-05-23 23:45:41,112 - main - INFO - Connection status changed: Reconnecting...
2025-05-23 23:45:46,206 - main - INFO - Connection status changed: Connecting...
2025-05-23 23:45:47,239 - main - INFO - Connection status changed: Connected
2025-05-23 23:46:08,880 - main - INFO - Connection status changed: VPN Connected
2025-05-23 23:46:27,593 - main - INFO - Connection status changed: Connection Closed
2025-05-23 23:46:27,727 - main - INFO - Connection status changed: Reconnecting...
2025-05-23 23:46:32,831 - main - INFO - Connection status changed: Connecting...
2025-05-23 23:46:33,794 - main - INFO - Connection status changed: Connected
2025-05-23 23:46:39,112 - main - INFO - Connection status changed: VPN Connected
2025-05-23 23:47:09,362 - main - INFO - Connection status changed: VPN Connected
2025-05-23 23:47:14,103 - main - INFO - Connection status changed: Connection Closed
2025-05-23 23:47:14,202 - main - INFO - Connection status changed: Reconnecting...
2025-05-23 23:47:19,279 - main - INFO - Connection status changed: Connecting...
2025-05-23 23:47:20,217 - main - INFO - Connection status changed: Connected
2025-05-23 23:47:39,948 - main - INFO - Connection status changed: VPN Connected
2025-05-23 23:48:00,537 - main - INFO - Connection status changed: Connection Closed
2025-05-23 23:48:00,643 - main - INFO - Connection status changed: Reconnecting...
2025-05-23 23:48:05,738 - main - INFO - Connection status changed: Connecting...
2025-05-23 23:48:06,669 - main - INFO - Connection status changed: Connected
2025-05-23 23:48:10,174 - main - INFO - Connection status changed: VPN Connected
2025-05-23 23:48:40,398 - main - INFO - Connection status changed: VPN Connected
2025-05-23 23:48:46,980 - main - INFO - Connection status changed: Connection Closed
2025-05-23 23:48:47,074 - main - INFO - Connection status changed: Reconnecting...
2025-05-23 23:48:52,179 - main - INFO - Connection status changed: Connecting...
2025-05-23 23:48:53,184 - main - INFO - Connection status changed: Connected
2025-05-23 23:49:10,639 - main - INFO - Connection status changed: VPN Connected
2025-05-23 23:49:33,497 - main - INFO - Connection status changed: Connection Closed
2025-05-23 23:49:33,578 - main - INFO - Connection status changed: Reconnecting...
2025-05-23 23:49:38,689 - main - INFO - Connection status changed: Connecting...
2025-05-23 23:49:39,570 - main - INFO - Connection status changed: Connected
2025-05-23 23:49:40,882 - main - INFO - Connection status changed: VPN Connected
2025-05-23 23:50:11,154 - main - INFO - Connection status changed: VPN Connected
2025-05-23 23:50:19,860 - main - INFO - Connection status changed: Connection Closed
2025-05-23 23:50:19,970 - main - INFO - Connection status changed: Reconnecting...
2025-05-23 23:50:25,049 - main - INFO - Connection status changed: Connecting...
2025-05-23 23:50:26,043 - main - INFO - Connection status changed: Connected
2025-05-23 23:50:41,443 - main - INFO - Connection status changed: VPN Connected
2025-05-23 23:51:06,323 - main - INFO - Connection status changed: Connection Closed
2025-05-23 23:51:06,468 - main - INFO - Connection status changed: Reconnecting...
2025-05-23 23:51:11,543 - main - INFO - Connection status changed: Connecting...
2025-05-23 23:51:11,654 - main - INFO - Connection status changed: VPN Connected
2025-05-23 23:51:12,490 - main - INFO - Connection status changed: Connected
2025-05-23 23:51:41,862 - main - INFO - Connection status changed: VPN Connected
2025-05-23 23:51:52,781 - main - INFO - Connection status changed: Connection Closed
2025-05-23 23:51:52,907 - main - INFO - Connection status changed: Reconnecting...
2025-05-23 23:51:58,010 - main - INFO - Connection status changed: Connecting...
2025-05-23 23:51:58,922 - main - INFO - Connection status changed: Connected
2025-05-23 23:52:12,085 - main - INFO - Connection status changed: VPN Connected
2025-05-23 23:52:39,225 - main - INFO - Connection status changed: Connection Closed
2025-05-23 23:52:39,321 - main - INFO - Connection status changed: Reconnecting...
2025-05-23 23:52:42,465 - main - INFO - Connection status changed: VPN Connected
2025-05-23 23:52:44,412 - main - INFO - Connection status changed: Connecting...
2025-05-23 23:52:45,466 - main - INFO - Connection status changed: Connected
2025-05-23 23:53:12,715 - main - INFO - Connection status changed: VPN Connected
2025-05-23 23:53:25,747 - main - INFO - Connection status changed: Connection Closed
2025-05-23 23:53:25,866 - main - INFO - Connection status changed: Reconnecting...
2025-05-23 23:53:30,996 - main - INFO - Connection status changed: Connecting...
2025-05-23 23:53:32,045 - main - INFO - Connection status changed: Connected
2025-05-23 23:53:42,932 - main - INFO - Connection status changed: VPN Connected
2025-05-23 23:54:12,343 - main - INFO - Connection status changed: Connection Closed
2025-05-23 23:54:12,421 - main - INFO - Connection status changed: Reconnecting...
2025-05-23 23:54:13,244 - main - INFO - Connection status changed: VPN Connected
2025-05-23 23:54:17,565 - main - INFO - Connection status changed: Connecting...
2025-05-23 23:54:18,466 - main - INFO - Connection status changed: Connected
2025-05-23 23:54:43,467 - main - INFO - Connection status changed: VPN Connected
2025-05-23 23:54:58,809 - main - INFO - Connection status changed: Connection Closed
2025-05-23 23:54:58,898 - main - INFO - Connection status changed: Reconnecting...
2025-05-23 23:55:03,981 - main - INFO - Connection status changed: Connecting...
2025-05-23 23:55:04,914 - main - INFO - Connection status changed: Connected
2025-05-23 23:55:13,701 - main - INFO - Connection status changed: VPN Connected
2025-05-23 23:55:43,879 - main - INFO - Connection status changed: VPN Connected
2025-05-23 23:55:45,218 - main - INFO - Connection status changed: Connection Closed
2025-05-23 23:55:45,304 - main - INFO - Connection status changed: Reconnecting...
