2025-05-20 12:01:55,316 - main - INFO - Starting trade simulator
2025-05-20 12:04:28,873 - main - INFO - Starting trade simulator
2025-05-20 12:16:33,599 - main - INFO - Starting trade simulator
2025-05-20 12:18:51,292 - main - INFO - Starting trade simulator
2025-05-20 12:18:52,313 - main - INFO - Connection status changed: VPN Not Detected
2025-05-20 12:18:52,343 - main - INFO - Connection status changed: VPN Not Detected
2025-05-20 12:18:52,710 - main - INFO - Connection status changed: VPN Not Detected
2025-05-20 12:18:53,073 - main - INFO - Connection status changed: Connecting...
2025-05-20 12:18:54,350 - main - INFO - Connection status changed: Connected
2025-05-20 12:18:58,382 - main - INFO - Reconnecting WebSocket client
2025-05-20 12:18:58,730 - main - INFO - Connection status changed: VPN Not Detected
2025-05-20 12:18:58,826 - main - INFO - Connection status changed: VPN Not Detected
2025-05-20 12:18:59,087 - main - INFO - Connection status changed: VPN Not Detected
2025-05-20 12:18:59,435 - main - INFO - Connection status changed: Connecting...
2025-05-20 12:19:00,566 - main - INFO - Connection status changed: Connected
2025-05-20 12:19:12,989 - main - WARNING - No orderbook data available for OKX_BTC-USDT
2025-05-20 12:19:18,120 - main - WARNING - No orderbook data available for OKX_BTC-USDT
2025-05-20 12:19:22,166 - main - INFO - Connection status changed: VPN Not Detected
2025-05-20 12:20:54,081 - main - INFO - Starting trade simulator
2025-05-20 12:20:55,001 - main - INFO - Connection status changed: VPN Not Detected
2025-05-20 12:20:55,009 - main - INFO - Connection status changed: VPN Not Detected
2025-05-20 12:20:55,366 - main - INFO - Connection status changed: VPN Not Detected
2025-05-20 12:20:55,855 - main - INFO - Connection status changed: Connecting...
2025-05-20 12:20:57,138 - main - INFO - Connection status changed: Connected
2025-05-20 12:21:08,893 - main - WARNING - No orderbook data available for OKX_ETH-USDT
2025-05-20 12:21:17,044 - main - WARNING - No orderbook data available for OKX_ETH-USDT
2025-05-20 12:21:18,342 - main - WARNING - No orderbook data available for OKX_ETH-USDT
2025-05-20 12:21:23,740 - main - WARNING - No orderbook data available for OKX_ETH-USDT
2025-05-20 12:21:25,795 - main - INFO - Connection status changed: VPN Not Detected
2025-05-20 12:21:26,897 - main - WARNING - No orderbook data available for OKX_ETH-USDT
2025-05-20 12:21:31,163 - main - INFO - Reconnecting WebSocket client
2025-05-20 12:21:31,522 - main - INFO - Connection status changed: VPN Not Detected
2025-05-20 12:21:31,572 - main - INFO - Connection status changed: VPN Not Detected
2025-05-20 12:21:31,948 - main - INFO - Connection status changed: VPN Not Detected
2025-05-20 12:21:32,364 - main - INFO - Connection status changed: Connecting...
2025-05-20 12:21:33,474 - main - INFO - Connection status changed: Connected
2025-05-20 12:21:56,607 - main - INFO - Connection status changed: VPN Not Detected
2025-05-20 12:22:02,403 - main - INFO - Connection status changed: VPN Not Detected
2025-05-20 12:22:08,192 - main - INFO - Reconnecting WebSocket client
2025-05-20 12:22:08,532 - main - INFO - Connection status changed: VPN Not Detected
2025-05-20 12:22:08,588 - main - INFO - Connection status changed: VPN Not Detected
2025-05-20 12:22:08,900 - main - INFO - Connection status changed: VPN Not Detected
2025-05-20 12:22:09,295 - main - INFO - Connection status changed: Connecting...
2025-05-20 12:22:10,607 - main - INFO - Connection status changed: Connected
2025-05-20 12:22:27,518 - main - INFO - Connection status changed: VPN Not Detected
2025-05-20 12:22:33,235 - main - INFO - Connection status changed: VPN Not Detected
2025-05-20 12:22:39,332 - main - INFO - Connection status changed: VPN Not Detected
2025-05-20 12:22:51,273 - main - INFO - Connection status changed: Connection Closed
2025-05-20 12:22:51,653 - main - INFO - Connection status changed: Reconnecting...
2025-05-20 12:22:57,098 - main - INFO - Connection status changed: Connecting...
2025-05-20 12:22:58,188 - main - INFO - Connection status changed: Connected
2025-05-20 12:22:58,309 - main - INFO - Connection status changed: VPN Not Detected
2025-05-20 12:23:04,102 - main - INFO - Connection status changed: VPN Not Detected
2025-05-20 12:23:10,076 - main - INFO - Connection status changed: VPN Not Detected
2025-05-20 12:23:29,076 - main - INFO - Connection status changed: VPN Not Detected
2025-05-20 12:23:34,917 - main - INFO - Connection status changed: VPN Not Detected
2025-05-20 12:23:38,835 - main - INFO - Connection status changed: Connection Closed
2025-05-20 12:23:39,250 - main - INFO - Connection status changed: Reconnecting...
2025-05-20 12:23:40,886 - main - INFO - Connection status changed: VPN Not Detected
2025-05-20 12:23:44,666 - main - INFO - Connection status changed: Connecting...
2025-05-20 12:23:45,975 - main - INFO - Connection status changed: Connected
2025-05-20 12:23:59,887 - main - INFO - Connection status changed: VPN Not Detected
2025-05-20 12:24:05,756 - main - INFO - Connection status changed: VPN Not Detected
2025-05-20 12:24:11,645 - main - INFO - Connection status changed: VPN Not Detected
2025-05-20 12:24:13,742 - main - WARNING - No orderbook data available for OKX_ETH-USDT
2025-05-20 12:24:20,061 - main - WARNING - No orderbook data available for OKX_ETH-USDT
2025-05-20 12:24:20,230 - main - WARNING - No orderbook data available for OKX_ETH-USDT
2025-05-20 12:24:20,966 - main - WARNING - No orderbook data available for OKX_ETH-USDT
2025-05-20 12:24:21,941 - main - WARNING - No orderbook data available for OKX_ETH-USDT
2025-05-20 12:24:24,649 - main - WARNING - No orderbook data available for OKX_ETH-USDT
2025-05-20 12:24:25,405 - main - WARNING - No orderbook data available for OKX_ETH-USDT
2025-05-20 12:24:25,630 - main - WARNING - No orderbook data available for OKX_ETH-USDT
2025-05-20 12:24:25,817 - main - WARNING - No orderbook data available for OKX_ETH-USDT
2025-05-20 12:24:25,980 - main - WARNING - No orderbook data available for OKX_ETH-USDT
2025-05-20 12:24:26,321 - main - WARNING - No orderbook data available for OKX_ETH-USDT
2025-05-20 12:24:26,552 - main - INFO - Connection status changed: Connection Closed
2025-05-20 12:24:26,771 - main - WARNING - No orderbook data available for OKX_ETH-USDT
2025-05-20 12:24:26,943 - main - WARNING - No orderbook data available for OKX_ETH-USDT
2025-05-20 12:24:27,026 - main - INFO - Connection status changed: Reconnecting...
2025-05-20 12:24:27,183 - main - WARNING - No orderbook data available for OKX_ETH-USDT
2025-05-20 12:24:31,440 - main - INFO - Connection status changed: VPN Not Detected
2025-05-20 12:24:32,376 - main - INFO - Connection status changed: Connecting...
2025-05-20 12:24:33,560 - main - INFO - Connection status changed: Connected
2025-05-20 12:24:36,592 - main - INFO - Connection status changed: VPN Not Detected
2025-05-20 12:24:40,826 - main - WARNING - No orderbook data available for OKX_ETH-USDT
2025-05-20 12:24:40,967 - main - WARNING - No orderbook data available for OKX_ETH-USDT
2025-05-20 12:24:41,298 - main - WARNING - No orderbook data available for OKX_ETH-USDT
2025-05-20 12:24:41,484 - main - WARNING - No orderbook data available for OKX_ETH-USDT
2025-05-20 12:24:41,674 - main - WARNING - No orderbook data available for OKX_ETH-USDT
2025-05-20 12:24:41,988 - main - WARNING - No orderbook data available for OKX_ETH-USDT
2025-05-20 12:24:42,190 - main - WARNING - No orderbook data available for OKX_ETH-USDT
2025-05-20 12:24:42,394 - main - WARNING - No orderbook data available for OKX_ETH-USDT
2025-05-20 12:24:42,490 - main - INFO - Connection status changed: VPN Not Detected
2025-05-20 12:24:42,577 - main - WARNING - No orderbook data available for OKX_ETH-USDT
2025-05-20 12:24:42,774 - main - WARNING - No orderbook data available for OKX_ETH-USDT
2025-05-20 12:24:42,932 - main - WARNING - No orderbook data available for OKX_ETH-USDT
2025-05-20 12:24:43,151 - main - WARNING - No orderbook data available for OKX_ETH-USDT
2025-05-20 12:24:43,373 - main - WARNING - No orderbook data available for OKX_ETH-USDT
2025-05-20 12:24:43,608 - main - WARNING - No orderbook data available for OKX_ETH-USDT
2025-05-20 12:24:43,779 - main - WARNING - No orderbook data available for OKX_ETH-USDT
2025-05-20 12:24:43,990 - main - WARNING - No orderbook data available for OKX_ETH-USDT
2025-05-20 12:24:44,201 - main - WARNING - No orderbook data available for OKX_ETH-USDT
2025-05-20 12:24:44,417 - main - WARNING - No orderbook data available for OKX_ETH-USDT
2025-05-20 12:24:44,706 - main - WARNING - No orderbook data available for OKX_ETH-USDT
2025-05-20 12:24:44,922 - main - WARNING - No orderbook data available for OKX_ETH-USDT
2025-05-20 12:24:45,491 - main - WARNING - No orderbook data available for OKX_ETH-USDT
2025-05-20 12:24:45,942 - main - WARNING - No orderbook data available for OKX_ETH-USDT
2025-05-20 12:24:46,149 - main - WARNING - No orderbook data available for OKX_ETH-USDT
2025-05-20 12:24:46,345 - main - WARNING - No orderbook data available for OKX_ETH-USDT
2025-05-20 12:24:46,547 - main - WARNING - No orderbook data available for OKX_ETH-USDT
2025-05-20 12:24:49,182 - main - WARNING - No orderbook data available for OKX_ETH-USDT
2025-05-20 12:24:52,732 - main - WARNING - No orderbook data available for OKX_ETH-USDT
2025-05-20 12:24:55,789 - main - WARNING - No orderbook data available for OKX_ETH-USDT
2025-05-20 12:25:01,233 - main - INFO - Connection status changed: VPN Not Detected
2025-05-20 12:25:07,364 - main - INFO - Connection status changed: VPN Not Detected
2025-05-20 12:25:13,417 - main - INFO - Connection status changed: VPN Not Detected
2025-05-20 12:25:14,135 - main - INFO - Connection status changed: Connection Closed
2025-05-20 12:25:14,499 - main - INFO - Connection status changed: Reconnecting...
2025-05-20 12:25:19,930 - main - INFO - Connection status changed: Connecting...
2025-05-20 12:25:21,202 - main - INFO - Connection status changed: Connected
2025-05-20 12:25:31,988 - main - INFO - Connection status changed: VPN Not Detected
2025-05-20 12:25:38,231 - main - INFO - Connection status changed: VPN Not Detected
2025-05-20 12:25:44,299 - main - INFO - Connection status changed: VPN Not Detected
2025-05-20 12:26:01,760 - main - INFO - Connection status changed: Connection Closed
2025-05-20 12:26:02,151 - main - INFO - Connection status changed: Reconnecting...
2025-05-20 12:26:02,690 - main - INFO - Connection status changed: VPN Not Detected
2025-05-20 12:26:07,553 - main - INFO - Connection status changed: Connecting...
2025-05-20 12:26:08,708 - main - INFO - Connection status changed: Connected
2025-05-20 12:26:08,962 - main - INFO - Connection status changed: VPN Not Detected
2025-05-20 12:26:15,818 - main - INFO - Connection status changed: VPN Not Detected
2025-05-20 12:26:33,587 - main - INFO - Connection status changed: VPN Not Detected
2025-05-20 12:26:39,704 - main - INFO - Connection status changed: VPN Not Detected
2025-05-20 12:26:45,740 - main - INFO - Connection status changed: VPN Not Detected
2025-05-20 12:26:49,233 - main - INFO - Connection status changed: Connection Closed
2025-05-20 12:26:49,572 - main - INFO - Connection status changed: Reconnecting...
2025-05-20 12:26:54,999 - main - INFO - Connection status changed: Connecting...
2025-05-20 12:26:56,234 - main - INFO - Connection status changed: Connected
2025-05-20 12:27:04,385 - main - INFO - Connection status changed: VPN Not Detected
2025-05-20 12:27:10,521 - main - INFO - Connection status changed: VPN Not Detected
2025-05-20 12:27:16,527 - main - INFO - Connection status changed: VPN Not Detected
2025-05-20 12:27:35,183 - main - INFO - Connection status changed: VPN Not Detected
2025-05-20 12:27:36,838 - main - INFO - Connection status changed: Connection Closed
2025-05-20 12:27:37,286 - main - INFO - Connection status changed: Reconnecting...
2025-05-20 12:27:41,394 - main - INFO - Connection status changed: VPN Not Detected
2025-05-20 12:27:42,706 - main - INFO - Connection status changed: Connecting...
2025-05-20 12:27:43,855 - main - INFO - Connection status changed: Connected
2025-05-20 12:27:47,295 - main - INFO - Connection status changed: VPN Not Detected
2025-05-20 12:28:05,974 - main - INFO - Connection status changed: VPN Not Detected
2025-05-20 12:28:12,186 - main - INFO - Connection status changed: VPN Not Detected
2025-05-20 12:28:18,137 - main - INFO - Connection status changed: VPN Not Detected
2025-05-20 12:28:24,454 - main - INFO - Connection status changed: Connection Closed
2025-05-20 12:28:24,880 - main - INFO - Connection status changed: Reconnecting...
2025-05-20 12:28:30,258 - main - INFO - Connection status changed: Connecting...
2025-05-20 12:28:31,455 - main - INFO - Connection status changed: Connected
2025-05-20 12:28:36,866 - main - INFO - Connection status changed: VPN Not Detected
2025-05-20 12:28:43,250 - main - INFO - Connection status changed: VPN Not Detected
2025-05-20 12:28:49,022 - main - INFO - Connection status changed: VPN Not Detected
2025-05-20 12:29:07,718 - main - INFO - Connection status changed: VPN Not Detected
2025-05-20 12:29:12,097 - main - INFO - Connection status changed: Connection Closed
2025-05-20 12:29:12,464 - main - INFO - Connection status changed: Reconnecting...
2025-05-20 12:29:13,403 - main - INFO - Connection status changed: VPN Not Detected
2025-05-20 12:29:17,856 - main - INFO - Connection status changed: Connecting...
2025-05-20 12:29:19,004 - main - INFO - Connection status changed: Connected
2025-05-20 12:29:19,887 - main - INFO - Connection status changed: VPN Not Detected
2025-05-20 12:29:35,212 - main - INFO - Reconnecting WebSocket client
2025-05-20 12:29:35,578 - main - INFO - Connection status changed: VPN Not Detected
2025-05-20 12:29:35,581 - main - INFO - Connection status changed: VPN Not Detected
2025-05-20 12:29:35,923 - main - INFO - Connection status changed: VPN Not Detected
2025-05-20 12:29:36,387 - main - INFO - Connection status changed: Connecting...
2025-05-20 12:29:37,711 - main - INFO - Connection status changed: Connected
2025-05-20 12:29:38,522 - main - INFO - Connection status changed: VPN Not Detected
2025-05-20 12:29:41,422 - main - INFO - Reconnecting WebSocket client
2025-05-20 12:29:41,774 - main - INFO - Connection status changed: VPN Not Detected
2025-05-20 12:29:41,873 - main - INFO - Connection status changed: VPN Not Detected
2025-05-20 12:29:42,304 - main - INFO - Connection status changed: VPN Not Detected
2025-05-20 12:29:42,692 - main - INFO - Connection status changed: Connecting...
2025-05-20 12:29:43,165 - main - INFO - Connection status changed: VPN Not Detected
2025-05-20 12:29:43,882 - main - INFO - Connection status changed: Connected
2025-05-20 12:29:50,698 - main - INFO - Connection status changed: VPN Not Detected
2025-05-20 12:29:52,126 - main - WARNING - No orderbook data available for OKX_ETH-USDT
2025-05-20 12:29:53,054 - main - WARNING - No orderbook data available for OKX_ETH-USDT
2025-05-20 12:29:53,256 - main - WARNING - No orderbook data available for OKX_ETH-USDT
2025-05-20 12:29:53,467 - main - WARNING - No orderbook data available for OKX_ETH-USDT
2025-05-20 12:29:53,648 - main - WARNING - No orderbook data available for OKX_ETH-USDT
2025-05-20 12:29:53,844 - main - WARNING - No orderbook data available for OKX_ETH-USDT
2025-05-20 12:29:54,054 - main - WARNING - No orderbook data available for OKX_ETH-USDT
2025-05-20 12:29:54,323 - main - WARNING - No orderbook data available for OKX_ETH-USDT
2025-05-20 12:29:59,814 - main - WARNING - No orderbook data available for OKX_ETH-USDT
2025-05-20 12:30:00,103 - main - WARNING - No orderbook data available for OKX_ETH-USDT
2025-05-20 12:30:00,321 - main - WARNING - No orderbook data available for OKX_ETH-USDT
2025-05-20 12:30:00,524 - main - WARNING - No orderbook data available for OKX_ETH-USDT
2025-05-20 12:30:00,741 - main - WARNING - No orderbook data available for OKX_ETH-USDT
2025-05-20 12:30:02,320 - main - INFO - Trade simulator stopped
