2025-05-23 22:57:43,961 - websocket_client - INFO - Connecting to wss://ws.gomarket-cpp.goquant.io/ws/l2-orderbook/okx/BTC-USDT-SWAP
2025-05-23 22:57:44,151 - websocket_client - INFO - Connection status changed: VPN Connected
2025-05-23 22:57:44,161 - websocket_client - INFO - Connection status changed: VPN Connected
2025-05-23 22:57:45,422 - websocket_client - INFO - Connected to wss://ws.gomarket-cpp.goquant.io/ws/l2-orderbook/okx/BTC-USDT-SWAP
2025-05-23 22:58:14,451 - websocket_client - INFO - Connection status changed: VPN Connected
2025-05-23 22:58:25,728 - websocket_client - WARNING - Connection closed, reconnecting...
2025-05-23 22:58:25,813 - websocket_client - INFO - Reconnecting in 5 seconds...
2025-05-23 22:58:31,923 - websocket_client - INFO - Connected to wss://ws.gomarket-cpp.goquant.io/ws/l2-orderbook/okx/BTC-USDT-SWAP
2025-05-23 22:58:44,646 - websocket_client - INFO - Connection status changed: VPN Connected
2025-05-23 22:59:12,221 - websocket_client - WARNING - Connection closed, reconnecting...
2025-05-23 22:59:12,322 - websocket_client - INFO - Reconnecting in 5 seconds...
2025-05-23 22:59:14,885 - websocket_client - INFO - Connection status changed: VPN Connected
2025-05-23 22:59:18,316 - websocket_client - INFO - Connected to wss://ws.gomarket-cpp.goquant.io/ws/l2-orderbook/okx/BTC-USDT-SWAP
2025-05-23 22:59:45,073 - websocket_client - INFO - Connection status changed: VPN Connected
2025-05-23 22:59:58,578 - websocket_client - WARNING - Connection closed, reconnecting...
2025-05-23 22:59:58,664 - websocket_client - INFO - Reconnecting in 5 seconds...
2025-05-23 23:00:04,830 - websocket_client - INFO - Connected to wss://ws.gomarket-cpp.goquant.io/ws/l2-orderbook/okx/BTC-USDT-SWAP
2025-05-23 23:00:15,284 - websocket_client - INFO - Connection status changed: VPN Connected
2025-05-23 23:00:45,129 - websocket_client - WARNING - Connection closed, reconnecting...
2025-05-23 23:00:45,260 - websocket_client - INFO - Reconnecting in 5 seconds...
2025-05-23 23:00:45,521 - websocket_client - INFO - Connection status changed: VPN Connected
2025-05-23 23:00:51,297 - websocket_client - INFO - Connected to wss://ws.gomarket-cpp.goquant.io/ws/l2-orderbook/okx/BTC-USDT-SWAP
2025-05-23 23:01:15,761 - websocket_client - INFO - Connection status changed: VPN Connected
2025-05-23 23:01:31,581 - websocket_client - WARNING - Connection closed, reconnecting...
2025-05-23 23:01:31,666 - websocket_client - INFO - Reconnecting in 5 seconds...
2025-05-23 23:01:37,663 - websocket_client - INFO - Connected to wss://ws.gomarket-cpp.goquant.io/ws/l2-orderbook/okx/BTC-USDT-SWAP
2025-05-23 23:01:46,003 - websocket_client - INFO - Connection status changed: VPN Connected
2025-05-23 23:02:16,256 - websocket_client - INFO - Connection status changed: VPN Connected
2025-05-23 23:02:17,949 - websocket_client - WARNING - Connection closed, reconnecting...
2025-05-23 23:02:18,042 - websocket_client - INFO - Reconnecting in 5 seconds...
2025-05-23 23:02:24,083 - websocket_client - INFO - Connected to wss://ws.gomarket-cpp.goquant.io/ws/l2-orderbook/okx/BTC-USDT-SWAP
2025-05-23 23:02:46,484 - websocket_client - INFO - Connection status changed: VPN Connected
2025-05-23 23:03:04,367 - websocket_client - WARNING - Connection closed, reconnecting...
2025-05-23 23:03:04,487 - websocket_client - INFO - Reconnecting in 5 seconds...
2025-05-23 23:03:10,410 - websocket_client - INFO - Connected to wss://ws.gomarket-cpp.goquant.io/ws/l2-orderbook/okx/BTC-USDT-SWAP
2025-05-23 23:03:16,882 - websocket_client - INFO - Connection status changed: VPN Connected
2025-05-23 23:03:47,124 - websocket_client - INFO - Connection status changed: VPN Connected
2025-05-23 23:03:50,690 - websocket_client - WARNING - Connection closed, reconnecting...
2025-05-23 23:03:50,785 - websocket_client - INFO - Reconnecting in 5 seconds...
2025-05-23 23:03:56,868 - websocket_client - INFO - Connected to wss://ws.gomarket-cpp.goquant.io/ws/l2-orderbook/okx/BTC-USDT-SWAP
2025-05-23 23:04:17,413 - websocket_client - INFO - Connection status changed: VPN Connected
2025-05-23 23:04:37,149 - websocket_client - WARNING - Connection closed, reconnecting...
2025-05-23 23:04:38,944 - websocket_client - INFO - Reconnecting in 5 seconds...
2025-05-23 23:04:45,420 - websocket_client - INFO - Connected to wss://ws.gomarket-cpp.goquant.io/ws/l2-orderbook/okx/BTC-USDT-SWAP
2025-05-23 23:04:47,970 - websocket_client - INFO - Connection status changed: VPN Connected
2025-05-23 23:05:18,236 - websocket_client - INFO - Connection status changed: VPN Connected
2025-05-23 23:05:25,748 - websocket_client - WARNING - Connection closed, reconnecting...
2025-05-23 23:05:25,851 - websocket_client - INFO - Reconnecting in 5 seconds...
2025-05-23 23:05:32,010 - websocket_client - INFO - Connected to wss://ws.gomarket-cpp.goquant.io/ws/l2-orderbook/okx/BTC-USDT-SWAP
2025-05-23 23:05:48,508 - websocket_client - INFO - Connection status changed: VPN Connected
2025-05-23 23:06:12,370 - websocket_client - WARNING - Connection closed, reconnecting...
2025-05-23 23:06:12,480 - websocket_client - INFO - Reconnecting in 5 seconds...
2025-05-23 23:06:18,518 - websocket_client - INFO - Connected to wss://ws.gomarket-cpp.goquant.io/ws/l2-orderbook/okx/BTC-USDT-SWAP
2025-05-23 23:06:18,797 - websocket_client - INFO - Connection status changed: VPN Connected
2025-05-23 23:06:48,995 - websocket_client - INFO - Connection status changed: VPN Connected
2025-05-23 23:06:58,808 - websocket_client - WARNING - Connection closed, reconnecting...
2025-05-23 23:06:58,922 - websocket_client - INFO - Reconnecting in 5 seconds...
2025-05-23 23:07:04,934 - websocket_client - INFO - Connected to wss://ws.gomarket-cpp.goquant.io/ws/l2-orderbook/okx/BTC-USDT-SWAP
2025-05-23 23:07:19,405 - websocket_client - INFO - Connection status changed: VPN Connected
2025-05-23 23:07:45,219 - websocket_client - WARNING - Connection closed, reconnecting...
2025-05-23 23:07:45,320 - websocket_client - INFO - Reconnecting in 5 seconds...
2025-05-23 23:07:49,662 - websocket_client - INFO - Connection status changed: VPN Connected
2025-05-23 23:07:51,477 - websocket_client - INFO - Connected to wss://ws.gomarket-cpp.goquant.io/ws/l2-orderbook/okx/BTC-USDT-SWAP
2025-05-23 23:08:19,849 - websocket_client - INFO - Connection status changed: VPN Connected
2025-05-23 23:08:31,953 - websocket_client - WARNING - Connection closed, reconnecting...
2025-05-23 23:08:32,057 - websocket_client - INFO - Reconnecting in 5 seconds...
2025-05-23 23:08:38,024 - websocket_client - INFO - Connected to wss://ws.gomarket-cpp.goquant.io/ws/l2-orderbook/okx/BTC-USDT-SWAP
2025-05-23 23:08:50,077 - websocket_client - INFO - Connection status changed: VPN Connected
2025-05-23 23:09:18,287 - websocket_client - WARNING - Connection closed, reconnecting...
2025-05-23 23:09:18,384 - websocket_client - INFO - Reconnecting in 5 seconds...
2025-05-23 23:09:20,331 - websocket_client - INFO - Connection status changed: VPN Connected
2025-05-23 23:09:24,468 - websocket_client - INFO - Connected to wss://ws.gomarket-cpp.goquant.io/ws/l2-orderbook/okx/BTC-USDT-SWAP
2025-05-23 23:09:50,578 - websocket_client - INFO - Connection status changed: VPN Connected
2025-05-23 23:10:04,753 - websocket_client - WARNING - Connection closed, reconnecting...
2025-05-23 23:10:04,845 - websocket_client - INFO - Reconnecting in 5 seconds...
2025-05-23 23:10:10,762 - websocket_client - INFO - Connected to wss://ws.gomarket-cpp.goquant.io/ws/l2-orderbook/okx/BTC-USDT-SWAP
2025-05-23 23:10:20,822 - websocket_client - INFO - Connection status changed: VPN Connected
2025-05-23 23:10:51,021 - websocket_client - INFO - Connection status changed: VPN Connected
2025-05-23 23:10:51,047 - websocket_client - WARNING - Connection closed, reconnecting...
2025-05-23 23:10:51,142 - websocket_client - INFO - Reconnecting in 5 seconds...
2025-05-23 23:10:57,254 - websocket_client - INFO - Connected to wss://ws.gomarket-cpp.goquant.io/ws/l2-orderbook/okx/BTC-USDT-SWAP
2025-05-23 23:11:21,249 - websocket_client - INFO - Connection status changed: VPN Connected
2025-05-23 23:11:37,555 - websocket_client - WARNING - Connection closed, reconnecting...
2025-05-23 23:11:37,648 - websocket_client - INFO - Reconnecting in 5 seconds...
2025-05-23 23:11:43,630 - websocket_client - INFO - Connected to wss://ws.gomarket-cpp.goquant.io/ws/l2-orderbook/okx/BTC-USDT-SWAP
2025-05-23 23:11:51,457 - websocket_client - INFO - Connection status changed: VPN Connected
2025-05-23 23:12:21,690 - websocket_client - INFO - Connection status changed: VPN Connected
2025-05-23 23:12:23,925 - websocket_client - WARNING - Connection closed, reconnecting...
2025-05-23 23:12:24,024 - websocket_client - INFO - Reconnecting in 5 seconds...
2025-05-23 23:12:30,115 - websocket_client - INFO - Connected to wss://ws.gomarket-cpp.goquant.io/ws/l2-orderbook/okx/BTC-USDT-SWAP
2025-05-23 23:12:51,895 - websocket_client - INFO - Connection status changed: VPN Connected
2025-05-23 23:13:10,391 - websocket_client - WARNING - Connection closed, reconnecting...
2025-05-23 23:13:10,571 - websocket_client - INFO - Reconnecting in 5 seconds...
2025-05-23 23:13:16,610 - websocket_client - INFO - Connected to wss://ws.gomarket-cpp.goquant.io/ws/l2-orderbook/okx/BTC-USDT-SWAP
2025-05-23 23:13:22,109 - websocket_client - INFO - Connection status changed: VPN Connected
2025-05-23 23:13:52,585 - websocket_client - INFO - Connection status changed: VPN Connected
2025-05-23 23:13:56,914 - websocket_client - WARNING - Connection closed, reconnecting...
2025-05-23 23:13:57,025 - websocket_client - INFO - Reconnecting in 5 seconds...
2025-05-23 23:14:03,109 - websocket_client - INFO - Connected to wss://ws.gomarket-cpp.goquant.io/ws/l2-orderbook/okx/BTC-USDT-SWAP
2025-05-23 23:14:22,799 - websocket_client - INFO - Connection status changed: VPN Connected
2025-05-23 23:14:43,411 - websocket_client - WARNING - Connection closed, reconnecting...
2025-05-23 23:14:43,556 - websocket_client - INFO - Reconnecting in 5 seconds...
2025-05-23 23:14:49,576 - websocket_client - INFO - Connected to wss://ws.gomarket-cpp.goquant.io/ws/l2-orderbook/okx/BTC-USDT-SWAP
2025-05-23 23:14:53,030 - websocket_client - INFO - Connection status changed: VPN Connected
2025-05-23 23:15:23,243 - websocket_client - INFO - Connection status changed: VPN Connected
2025-05-23 23:15:29,862 - websocket_client - WARNING - Connection closed, reconnecting...
2025-05-23 23:15:29,977 - websocket_client - INFO - Reconnecting in 5 seconds...
2025-05-23 23:15:35,957 - websocket_client - INFO - Connected to wss://ws.gomarket-cpp.goquant.io/ws/l2-orderbook/okx/BTC-USDT-SWAP
2025-05-23 23:15:53,489 - websocket_client - INFO - Connection status changed: VPN Connected
2025-05-23 23:16:16,229 - websocket_client - WARNING - Connection closed, reconnecting...
2025-05-23 23:16:16,451 - websocket_client - INFO - Reconnecting in 5 seconds...
2025-05-23 23:16:22,419 - websocket_client - INFO - Connected to wss://ws.gomarket-cpp.goquant.io/ws/l2-orderbook/okx/BTC-USDT-SWAP
2025-05-23 23:16:23,715 - websocket_client - INFO - Connection status changed: VPN Connected
2025-05-23 23:16:54,075 - websocket_client - INFO - Connection status changed: VPN Connected
2025-05-23 23:17:02,689 - websocket_client - WARNING - Connection closed, reconnecting...
2025-05-23 23:17:02,804 - websocket_client - INFO - Reconnecting in 5 seconds...
2025-05-23 23:17:08,841 - websocket_client - INFO - Connected to wss://ws.gomarket-cpp.goquant.io/ws/l2-orderbook/okx/BTC-USDT-SWAP
2025-05-23 23:17:24,318 - websocket_client - INFO - Connection status changed: VPN Connected
2025-05-23 23:17:49,131 - websocket_client - WARNING - Connection closed, reconnecting...
2025-05-23 23:17:49,428 - websocket_client - INFO - Reconnecting in 5 seconds...
2025-05-23 23:17:54,670 - websocket_client - INFO - Connection status changed: VPN Connected
2025-05-23 23:17:55,534 - websocket_client - INFO - Connected to wss://ws.gomarket-cpp.goquant.io/ws/l2-orderbook/okx/BTC-USDT-SWAP
2025-05-23 23:18:24,922 - websocket_client - INFO - Connection status changed: VPN Connected
2025-05-23 23:18:35,815 - websocket_client - WARNING - Connection closed, reconnecting...
2025-05-23 23:18:35,902 - websocket_client - INFO - Reconnecting in 5 seconds...
2025-05-23 23:18:42,031 - websocket_client - INFO - Connected to wss://ws.gomarket-cpp.goquant.io/ws/l2-orderbook/okx/BTC-USDT-SWAP
2025-05-23 23:18:55,176 - websocket_client - INFO - Connection status changed: VPN Connected
2025-05-23 23:19:22,305 - websocket_client - WARNING - Connection closed, reconnecting...
2025-05-23 23:19:22,416 - websocket_client - INFO - Reconnecting in 5 seconds...
2025-05-23 23:19:25,411 - websocket_client - INFO - Connection status changed: VPN Connected
2025-05-23 23:19:28,572 - websocket_client - INFO - Connected to wss://ws.gomarket-cpp.goquant.io/ws/l2-orderbook/okx/BTC-USDT-SWAP
2025-05-23 23:19:55,610 - websocket_client - INFO - Connection status changed: VPN Connected
2025-05-23 23:20:08,896 - websocket_client - WARNING - Connection closed, reconnecting...
2025-05-23 23:20:09,021 - websocket_client - INFO - Reconnecting in 5 seconds...
2025-05-23 23:20:15,033 - websocket_client - INFO - Connected to wss://ws.gomarket-cpp.goquant.io/ws/l2-orderbook/okx/BTC-USDT-SWAP
2025-05-23 23:20:25,837 - websocket_client - INFO - Connection status changed: VPN Connected
2025-05-23 23:20:55,313 - websocket_client - WARNING - Connection closed, reconnecting...
2025-05-23 23:20:55,411 - websocket_client - INFO - Reconnecting in 5 seconds...
2025-05-23 23:20:56,066 - websocket_client - INFO - Connection status changed: VPN Connected
2025-05-23 23:21:01,423 - websocket_client - INFO - Connected to wss://ws.gomarket-cpp.goquant.io/ws/l2-orderbook/okx/BTC-USDT-SWAP
2025-05-23 23:21:26,357 - websocket_client - INFO - Connection status changed: VPN Connected
2025-05-23 23:21:41,741 - websocket_client - WARNING - Connection closed, reconnecting...
2025-05-23 23:21:41,851 - websocket_client - INFO - Reconnecting in 5 seconds...
2025-05-23 23:21:47,943 - websocket_client - INFO - Connected to wss://ws.gomarket-cpp.goquant.io/ws/l2-orderbook/okx/BTC-USDT-SWAP
2025-05-23 23:21:56,606 - websocket_client - INFO - Connection status changed: VPN Connected
2025-05-23 23:22:27,008 - websocket_client - INFO - Connection status changed: VPN Connected
2025-05-23 23:22:28,290 - websocket_client - WARNING - Connection closed, reconnecting...
2025-05-23 23:22:28,402 - websocket_client - INFO - Reconnecting in 5 seconds...
2025-05-23 23:22:34,355 - websocket_client - INFO - Connected to wss://ws.gomarket-cpp.goquant.io/ws/l2-orderbook/okx/BTC-USDT-SWAP
2025-05-23 23:22:57,241 - websocket_client - INFO - Connection status changed: VPN Connected
2025-05-23 23:23:14,628 - websocket_client - WARNING - Connection closed, reconnecting...
2025-05-23 23:23:14,742 - websocket_client - INFO - Reconnecting in 5 seconds...
2025-05-23 23:23:20,866 - websocket_client - INFO - Connected to wss://ws.gomarket-cpp.goquant.io/ws/l2-orderbook/okx/BTC-USDT-SWAP
2025-05-23 23:23:27,444 - websocket_client - INFO - Connection status changed: VPN Connected
2025-05-23 23:23:57,662 - websocket_client - INFO - Connection status changed: VPN Connected
2025-05-23 23:24:01,171 - websocket_client - WARNING - Connection closed, reconnecting...
2025-05-23 23:24:01,256 - websocket_client - INFO - Reconnecting in 5 seconds...
2025-05-23 23:24:07,164 - websocket_client - INFO - Connected to wss://ws.gomarket-cpp.goquant.io/ws/l2-orderbook/okx/BTC-USDT-SWAP
2025-05-23 23:24:27,890 - websocket_client - INFO - Connection status changed: VPN Connected
2025-05-23 23:24:47,440 - websocket_client - WARNING - Connection closed, reconnecting...
2025-05-23 23:24:47,523 - websocket_client - INFO - Reconnecting in 5 seconds...
2025-05-23 23:24:53,520 - websocket_client - INFO - Connected to wss://ws.gomarket-cpp.goquant.io/ws/l2-orderbook/okx/BTC-USDT-SWAP
2025-05-23 23:24:58,139 - websocket_client - INFO - Connection status changed: VPN Connected
2025-05-23 23:25:28,343 - websocket_client - INFO - Connection status changed: VPN Connected
2025-05-23 23:25:33,878 - websocket_client - WARNING - Connection closed, reconnecting...
2025-05-23 23:25:34,035 - websocket_client - INFO - Reconnecting in 5 seconds...
2025-05-23 23:25:40,006 - websocket_client - INFO - Connected to wss://ws.gomarket-cpp.goquant.io/ws/l2-orderbook/okx/BTC-USDT-SWAP
2025-05-23 23:25:58,549 - websocket_client - INFO - Connection status changed: VPN Connected
2025-05-23 23:26:20,273 - websocket_client - WARNING - Connection closed, reconnecting...
2025-05-23 23:26:20,377 - websocket_client - INFO - Reconnecting in 5 seconds...
2025-05-23 23:26:26,357 - websocket_client - INFO - Connected to wss://ws.gomarket-cpp.goquant.io/ws/l2-orderbook/okx/BTC-USDT-SWAP
2025-05-23 23:26:28,783 - websocket_client - INFO - Connection status changed: VPN Connected
2025-05-23 23:26:59,257 - websocket_client - INFO - Connection status changed: VPN Connected
2025-05-23 23:27:06,617 - websocket_client - WARNING - Connection closed, reconnecting...
2025-05-23 23:27:06,705 - websocket_client - INFO - Reconnecting in 5 seconds...
2025-05-23 23:27:12,688 - websocket_client - INFO - Connected to wss://ws.gomarket-cpp.goquant.io/ws/l2-orderbook/okx/BTC-USDT-SWAP
2025-05-23 23:27:29,500 - websocket_client - INFO - Connection status changed: VPN Connected
2025-05-23 23:27:52,985 - websocket_client - WARNING - Connection closed, reconnecting...
2025-05-23 23:27:53,108 - websocket_client - INFO - Reconnecting in 5 seconds...
2025-05-23 23:27:59,103 - websocket_client - INFO - Connected to wss://ws.gomarket-cpp.goquant.io/ws/l2-orderbook/okx/BTC-USDT-SWAP
2025-05-23 23:27:59,715 - websocket_client - INFO - Connection status changed: VPN Connected
2025-05-23 23:28:29,957 - websocket_client - INFO - Connection status changed: VPN Connected
2025-05-23 23:28:39,370 - websocket_client - WARNING - Connection closed, reconnecting...
2025-05-23 23:28:39,454 - websocket_client - INFO - Reconnecting in 5 seconds...
2025-05-23 23:28:45,436 - websocket_client - INFO - Connected to wss://ws.gomarket-cpp.goquant.io/ws/l2-orderbook/okx/BTC-USDT-SWAP
2025-05-23 23:29:00,191 - websocket_client - INFO - Connection status changed: VPN Connected
2025-05-23 23:29:25,704 - websocket_client - WARNING - Connection closed, reconnecting...
2025-05-23 23:29:25,789 - websocket_client - INFO - Reconnecting in 5 seconds...
2025-05-23 23:29:30,401 - websocket_client - INFO - Connection status changed: VPN Connected
2025-05-23 23:29:31,800 - websocket_client - INFO - Connected to wss://ws.gomarket-cpp.goquant.io/ws/l2-orderbook/okx/BTC-USDT-SWAP
2025-05-23 23:30:00,649 - websocket_client - INFO - Connection status changed: VPN Connected
2025-05-23 23:30:12,049 - websocket_client - WARNING - Connection closed, reconnecting...
2025-05-23 23:30:12,148 - websocket_client - INFO - Reconnecting in 5 seconds...
2025-05-23 23:30:18,074 - websocket_client - INFO - Connected to wss://ws.gomarket-cpp.goquant.io/ws/l2-orderbook/okx/BTC-USDT-SWAP
2025-05-23 23:30:30,900 - websocket_client - INFO - Connection status changed: VPN Connected
2025-05-23 23:30:58,334 - websocket_client - WARNING - Connection closed, reconnecting...
2025-05-23 23:30:58,472 - websocket_client - INFO - Reconnecting in 5 seconds...
2025-05-23 23:31:01,201 - websocket_client - INFO - Connection status changed: VPN Connected
2025-05-23 23:31:04,892 - websocket_client - INFO - Connected to wss://ws.gomarket-cpp.goquant.io/ws/l2-orderbook/okx/BTC-USDT-SWAP
2025-05-23 23:31:31,372 - websocket_client - INFO - Connection status changed: VPN Connected
2025-05-23 23:31:45,200 - websocket_client - WARNING - Connection closed, reconnecting...
2025-05-23 23:31:45,309 - websocket_client - INFO - Reconnecting in 5 seconds...
2025-05-23 23:31:51,318 - websocket_client - INFO - Connected to wss://ws.gomarket-cpp.goquant.io/ws/l2-orderbook/okx/BTC-USDT-SWAP
2025-05-23 23:32:01,585 - websocket_client - INFO - Connection status changed: VPN Connected
2025-05-23 23:32:31,620 - websocket_client - WARNING - Connection closed, reconnecting...
2025-05-23 23:32:31,707 - websocket_client - INFO - Reconnecting in 5 seconds...
2025-05-23 23:32:31,781 - websocket_client - INFO - Connection status changed: VPN Connected
2025-05-23 23:32:37,734 - websocket_client - INFO - Connected to wss://ws.gomarket-cpp.goquant.io/ws/l2-orderbook/okx/BTC-USDT-SWAP
2025-05-23 23:33:01,998 - websocket_client - INFO - Connection status changed: VPN Connected
2025-05-23 23:33:18,002 - websocket_client - WARNING - Connection closed, reconnecting...
2025-05-23 23:33:18,132 - websocket_client - INFO - Reconnecting in 5 seconds...
2025-05-23 23:33:24,146 - websocket_client - INFO - Connected to wss://ws.gomarket-cpp.goquant.io/ws/l2-orderbook/okx/BTC-USDT-SWAP
2025-05-23 23:33:32,257 - websocket_client - INFO - Connection status changed: VPN Connected
2025-05-23 23:34:02,502 - websocket_client - INFO - Connection status changed: VPN Connected
2025-05-23 23:34:04,404 - websocket_client - WARNING - Connection closed, reconnecting...
2025-05-23 23:34:04,523 - websocket_client - INFO - Reconnecting in 5 seconds...
2025-05-23 23:34:10,564 - websocket_client - INFO - Connected to wss://ws.gomarket-cpp.goquant.io/ws/l2-orderbook/okx/BTC-USDT-SWAP
2025-05-23 23:34:32,757 - websocket_client - INFO - Connection status changed: VPN Connected
2025-05-23 23:34:50,857 - websocket_client - WARNING - Connection closed, reconnecting...
2025-05-23 23:34:50,947 - websocket_client - INFO - Reconnecting in 5 seconds...
2025-05-23 23:34:56,925 - websocket_client - INFO - Connected to wss://ws.gomarket-cpp.goquant.io/ws/l2-orderbook/okx/BTC-USDT-SWAP
2025-05-23 23:35:02,983 - websocket_client - INFO - Connection status changed: VPN Connected
2025-05-23 23:35:33,182 - websocket_client - INFO - Connection status changed: VPN Connected
2025-05-23 23:35:37,224 - websocket_client - WARNING - Connection closed, reconnecting...
2025-05-23 23:35:37,318 - websocket_client - INFO - Reconnecting in 5 seconds...
2025-05-23 23:35:43,379 - websocket_client - INFO - Connected to wss://ws.gomarket-cpp.goquant.io/ws/l2-orderbook/okx/BTC-USDT-SWAP
2025-05-23 23:36:03,381 - websocket_client - INFO - Connection status changed: VPN Connected
2025-05-23 23:36:23,793 - websocket_client - WARNING - Connection closed, reconnecting...
2025-05-23 23:36:23,901 - websocket_client - INFO - Reconnecting in 5 seconds...
2025-05-23 23:36:29,804 - websocket_client - INFO - Connected to wss://ws.gomarket-cpp.goquant.io/ws/l2-orderbook/okx/BTC-USDT-SWAP
2025-05-23 23:36:33,590 - websocket_client - INFO - Connection status changed: VPN Connected
2025-05-23 23:37:03,779 - websocket_client - INFO - Connection status changed: VPN Connected
2025-05-23 23:37:10,105 - websocket_client - WARNING - Connection closed, reconnecting...
2025-05-23 23:37:10,238 - websocket_client - INFO - Reconnecting in 5 seconds...
2025-05-23 23:37:16,338 - websocket_client - INFO - Connected to wss://ws.gomarket-cpp.goquant.io/ws/l2-orderbook/okx/BTC-USDT-SWAP
2025-05-23 23:37:34,090 - websocket_client - INFO - Connection status changed: VPN Connected
2025-05-23 23:37:56,618 - websocket_client - WARNING - Connection closed, reconnecting...
2025-05-23 23:37:56,702 - websocket_client - INFO - Reconnecting in 5 seconds...
2025-05-23 23:38:02,620 - websocket_client - INFO - Connected to wss://ws.gomarket-cpp.goquant.io/ws/l2-orderbook/okx/BTC-USDT-SWAP
2025-05-23 23:38:04,280 - websocket_client - INFO - Connection status changed: VPN Connected
2025-05-23 23:38:34,490 - websocket_client - INFO - Connection status changed: VPN Connected
2025-05-23 23:38:42,882 - websocket_client - WARNING - Connection closed, reconnecting...
2025-05-23 23:38:42,986 - websocket_client - INFO - Reconnecting in 5 seconds...
2025-05-23 23:38:49,029 - websocket_client - INFO - Connected to wss://ws.gomarket-cpp.goquant.io/ws/l2-orderbook/okx/BTC-USDT-SWAP
2025-05-23 23:39:04,712 - websocket_client - INFO - Connection status changed: VPN Connected
2025-05-23 23:39:29,317 - websocket_client - WARNING - Connection closed, reconnecting...
2025-05-23 23:39:29,389 - websocket_client - INFO - Reconnecting in 5 seconds...
2025-05-23 23:39:34,917 - websocket_client - INFO - Connection status changed: VPN Connected
2025-05-23 23:39:35,356 - websocket_client - INFO - Connected to wss://ws.gomarket-cpp.goquant.io/ws/l2-orderbook/okx/BTC-USDT-SWAP
2025-05-23 23:40:05,349 - websocket_client - INFO - Connection status changed: VPN Connected
2025-05-23 23:40:15,701 - websocket_client - WARNING - Connection closed, reconnecting...
2025-05-23 23:40:15,805 - websocket_client - INFO - Reconnecting in 5 seconds...
2025-05-23 23:40:21,879 - websocket_client - INFO - Connected to wss://ws.gomarket-cpp.goquant.io/ws/l2-orderbook/okx/BTC-USDT-SWAP
2025-05-23 23:40:36,036 - websocket_client - INFO - Connection status changed: VPN Connected
2025-05-23 23:41:02,142 - websocket_client - WARNING - Connection closed, reconnecting...
2025-05-23 23:41:02,229 - websocket_client - INFO - Reconnecting in 5 seconds...
2025-05-23 23:41:06,264 - websocket_client - INFO - Connection status changed: VPN Connected
2025-05-23 23:41:08,175 - websocket_client - INFO - Connected to wss://ws.gomarket-cpp.goquant.io/ws/l2-orderbook/okx/BTC-USDT-SWAP
2025-05-23 23:41:36,507 - websocket_client - INFO - Connection status changed: VPN Connected
2025-05-23 23:41:48,478 - websocket_client - WARNING - Connection closed, reconnecting...
2025-05-23 23:41:48,566 - websocket_client - INFO - Reconnecting in 5 seconds...
2025-05-23 23:41:54,631 - websocket_client - INFO - Connected to wss://ws.gomarket-cpp.goquant.io/ws/l2-orderbook/okx/BTC-USDT-SWAP
2025-05-23 23:42:07,001 - websocket_client - INFO - Connection status changed: VPN Connected
2025-05-23 23:42:34,956 - websocket_client - WARNING - Connection closed, reconnecting...
2025-05-23 23:42:35,056 - websocket_client - INFO - Reconnecting in 5 seconds...
2025-05-23 23:42:37,289 - websocket_client - INFO - Connection status changed: VPN Connected
2025-05-23 23:42:41,107 - websocket_client - INFO - Connected to wss://ws.gomarket-cpp.goquant.io/ws/l2-orderbook/okx/BTC-USDT-SWAP
2025-05-23 23:43:07,516 - websocket_client - INFO - Connection status changed: VPN Connected
2025-05-23 23:43:21,397 - websocket_client - WARNING - Connection closed, reconnecting...
2025-05-23 23:43:21,501 - websocket_client - INFO - Reconnecting in 5 seconds...
2025-05-23 23:43:27,562 - websocket_client - INFO - Connected to wss://ws.gomarket-cpp.goquant.io/ws/l2-orderbook/okx/BTC-USDT-SWAP
2025-05-23 23:43:37,749 - websocket_client - INFO - Connection status changed: VPN Connected
2025-05-23 23:44:07,816 - websocket_client - WARNING - Connection closed, reconnecting...
2025-05-23 23:44:07,925 - websocket_client - INFO - Reconnecting in 5 seconds...
2025-05-23 23:44:08,000 - websocket_client - INFO - Connection status changed: VPN Connected
2025-05-23 23:44:14,032 - websocket_client - INFO - Connected to wss://ws.gomarket-cpp.goquant.io/ws/l2-orderbook/okx/BTC-USDT-SWAP
2025-05-23 23:44:38,211 - websocket_client - INFO - Connection status changed: VPN Connected
2025-05-23 23:44:54,543 - websocket_client - WARNING - Connection closed, reconnecting...
2025-05-23 23:44:54,650 - websocket_client - INFO - Reconnecting in 5 seconds...
2025-05-23 23:45:00,734 - websocket_client - INFO - Connected to wss://ws.gomarket-cpp.goquant.io/ws/l2-orderbook/okx/BTC-USDT-SWAP
2025-05-23 23:45:08,492 - websocket_client - INFO - Connection status changed: VPN Connected
2025-05-23 23:45:38,658 - websocket_client - INFO - Connection status changed: VPN Connected
2025-05-23 23:45:41,016 - websocket_client - WARNING - Connection closed, reconnecting...
2025-05-23 23:45:41,111 - websocket_client - INFO - Reconnecting in 5 seconds...
2025-05-23 23:45:47,238 - websocket_client - INFO - Connected to wss://ws.gomarket-cpp.goquant.io/ws/l2-orderbook/okx/BTC-USDT-SWAP
2025-05-23 23:46:08,880 - websocket_client - INFO - Connection status changed: VPN Connected
2025-05-23 23:46:27,592 - websocket_client - WARNING - Connection closed, reconnecting...
2025-05-23 23:46:27,726 - websocket_client - INFO - Reconnecting in 5 seconds...
2025-05-23 23:46:33,793 - websocket_client - INFO - Connected to wss://ws.gomarket-cpp.goquant.io/ws/l2-orderbook/okx/BTC-USDT-SWAP
2025-05-23 23:46:39,111 - websocket_client - INFO - Connection status changed: VPN Connected
2025-05-23 23:47:09,361 - websocket_client - INFO - Connection status changed: VPN Connected
2025-05-23 23:47:14,102 - websocket_client - WARNING - Connection closed, reconnecting...
2025-05-23 23:47:14,202 - websocket_client - INFO - Reconnecting in 5 seconds...
2025-05-23 23:47:20,216 - websocket_client - INFO - Connected to wss://ws.gomarket-cpp.goquant.io/ws/l2-orderbook/okx/BTC-USDT-SWAP
2025-05-23 23:47:39,948 - websocket_client - INFO - Connection status changed: VPN Connected
2025-05-23 23:48:00,536 - websocket_client - WARNING - Connection closed, reconnecting...
2025-05-23 23:48:00,642 - websocket_client - INFO - Reconnecting in 5 seconds...
2025-05-23 23:48:06,667 - websocket_client - INFO - Connected to wss://ws.gomarket-cpp.goquant.io/ws/l2-orderbook/okx/BTC-USDT-SWAP
2025-05-23 23:48:10,173 - websocket_client - INFO - Connection status changed: VPN Connected
2025-05-23 23:48:40,398 - websocket_client - INFO - Connection status changed: VPN Connected
2025-05-23 23:48:46,979 - websocket_client - WARNING - Connection closed, reconnecting...
2025-05-23 23:48:47,074 - websocket_client - INFO - Reconnecting in 5 seconds...
2025-05-23 23:48:53,184 - websocket_client - INFO - Connected to wss://ws.gomarket-cpp.goquant.io/ws/l2-orderbook/okx/BTC-USDT-SWAP
2025-05-23 23:49:10,639 - websocket_client - INFO - Connection status changed: VPN Connected
2025-05-23 23:49:33,496 - websocket_client - WARNING - Connection closed, reconnecting...
2025-05-23 23:49:33,578 - websocket_client - INFO - Reconnecting in 5 seconds...
2025-05-23 23:49:39,569 - websocket_client - INFO - Connected to wss://ws.gomarket-cpp.goquant.io/ws/l2-orderbook/okx/BTC-USDT-SWAP
2025-05-23 23:49:40,882 - websocket_client - INFO - Connection status changed: VPN Connected
2025-05-23 23:50:11,154 - websocket_client - INFO - Connection status changed: VPN Connected
2025-05-23 23:50:19,859 - websocket_client - WARNING - Connection closed, reconnecting...
2025-05-23 23:50:19,969 - websocket_client - INFO - Reconnecting in 5 seconds...
2025-05-23 23:50:26,042 - websocket_client - INFO - Connected to wss://ws.gomarket-cpp.goquant.io/ws/l2-orderbook/okx/BTC-USDT-SWAP
2025-05-23 23:50:41,443 - websocket_client - INFO - Connection status changed: VPN Connected
2025-05-23 23:51:06,323 - websocket_client - WARNING - Connection closed, reconnecting...
2025-05-23 23:51:06,468 - websocket_client - INFO - Reconnecting in 5 seconds...
2025-05-23 23:51:11,652 - websocket_client - INFO - Connection status changed: VPN Connected
2025-05-23 23:51:12,489 - websocket_client - INFO - Connected to wss://ws.gomarket-cpp.goquant.io/ws/l2-orderbook/okx/BTC-USDT-SWAP
2025-05-23 23:51:41,862 - websocket_client - INFO - Connection status changed: VPN Connected
2025-05-23 23:51:52,780 - websocket_client - WARNING - Connection closed, reconnecting...
2025-05-23 23:51:52,907 - websocket_client - INFO - Reconnecting in 5 seconds...
2025-05-23 23:51:58,922 - websocket_client - INFO - Connected to wss://ws.gomarket-cpp.goquant.io/ws/l2-orderbook/okx/BTC-USDT-SWAP
2025-05-23 23:52:12,085 - websocket_client - INFO - Connection status changed: VPN Connected
2025-05-23 23:52:39,224 - websocket_client - WARNING - Connection closed, reconnecting...
2025-05-23 23:52:39,321 - websocket_client - INFO - Reconnecting in 5 seconds...
2025-05-23 23:52:42,465 - websocket_client - INFO - Connection status changed: VPN Connected
2025-05-23 23:52:45,465 - websocket_client - INFO - Connected to wss://ws.gomarket-cpp.goquant.io/ws/l2-orderbook/okx/BTC-USDT-SWAP
2025-05-23 23:53:12,715 - websocket_client - INFO - Connection status changed: VPN Connected
2025-05-23 23:53:25,747 - websocket_client - WARNING - Connection closed, reconnecting...
2025-05-23 23:53:25,866 - websocket_client - INFO - Reconnecting in 5 seconds...
2025-05-23 23:53:32,044 - websocket_client - INFO - Connected to wss://ws.gomarket-cpp.goquant.io/ws/l2-orderbook/okx/BTC-USDT-SWAP
2025-05-23 23:53:42,932 - websocket_client - INFO - Connection status changed: VPN Connected
2025-05-23 23:54:12,342 - websocket_client - WARNING - Connection closed, reconnecting...
2025-05-23 23:54:12,420 - websocket_client - INFO - Reconnecting in 5 seconds...
2025-05-23 23:54:13,243 - websocket_client - INFO - Connection status changed: VPN Connected
2025-05-23 23:54:18,465 - websocket_client - INFO - Connected to wss://ws.gomarket-cpp.goquant.io/ws/l2-orderbook/okx/BTC-USDT-SWAP
2025-05-23 23:54:43,466 - websocket_client - INFO - Connection status changed: VPN Connected
2025-05-23 23:54:58,809 - websocket_client - WARNING - Connection closed, reconnecting...
2025-05-23 23:54:58,898 - websocket_client - INFO - Reconnecting in 5 seconds...
2025-05-23 23:55:04,914 - websocket_client - INFO - Connected to wss://ws.gomarket-cpp.goquant.io/ws/l2-orderbook/okx/BTC-USDT-SWAP
2025-05-23 23:55:13,701 - websocket_client - INFO - Connection status changed: VPN Connected
2025-05-23 23:55:43,879 - websocket_client - INFO - Connection status changed: VPN Connected
2025-05-23 23:55:45,217 - websocket_client - WARNING - Connection closed, reconnecting...
2025-05-23 23:55:45,304 - websocket_client - INFO - Reconnecting in 5 seconds...
